c:\users\user\source\repos\v4 printer driver1\debug\v4 printer driver1\v4printerdriver1.cat
c:\users\user\source\repos\v4 printer driver1\v4 printer driver1\debug\v4printerdriver1.inf
c:\users\user\source\repos\v4 printer driver1\debug\v4printerdriver1.cer
c:\users\user\source\repos\v4 printer driver1\debug\v4printerdriver1.inf
c:\users\user\source\repos\v4 printer driver1\v4 printer driver1\debug\v4 print.85d2b39f.tlog\inf2cat-expand.11352.read.1.tlog
c:\users\user\source\repos\v4 printer driver1\v4 printer driver1\debug\v4 print.85d2b39f.tlog\inf2cat-expand.11352.write.1.tlog
c:\users\user\source\repos\v4 printer driver1\v4 printer driver1\debug\v4 print.85d2b39f.tlog\inf2cat-expand.13228.read.1.tlog
c:\users\user\source\repos\v4 printer driver1\v4 printer driver1\debug\v4 print.85d2b39f.tlog\inf2cat-expand.13228.write.1.tlog
c:\users\user\source\repos\v4 printer driver1\v4 printer driver1\debug\v4 print.85d2b39f.tlog\inf2cat-expand.18784.read.1.tlog
c:\users\user\source\repos\v4 printer driver1\v4 printer driver1\debug\v4 print.85d2b39f.tlog\inf2cat-expand.18784.write.1.tlog
c:\users\user\source\repos\v4 printer driver1\v4 printer driver1\debug\v4 print.85d2b39f.tlog\inf2cat-expand.19688.read.1.tlog
c:\users\user\source\repos\v4 printer driver1\v4 printer driver1\debug\v4 print.85d2b39f.tlog\inf2cat-expand.19688.write.1.tlog
c:\users\user\source\repos\v4 printer driver1\v4 printer driver1\debug\v4 print.85d2b39f.tlog\inf2cat-expand.read.1.tlog
c:\users\user\source\repos\v4 printer driver1\v4 printer driver1\debug\v4 print.85d2b39f.tlog\inf2cat-expand.write.1.tlog
c:\users\user\source\repos\v4 printer driver1\v4 printer driver1\debug\v4 print.85d2b39f.tlog\inf2cat.command.1.tlog
c:\users\user\source\repos\v4 printer driver1\v4 printer driver1\debug\v4 print.85d2b39f.tlog\inf2cat.read.1.tlog
c:\users\user\source\repos\v4 printer driver1\v4 printer driver1\debug\v4 print.85d2b39f.tlog\inf2cat.write.1.tlog
c:\users\user\source\repos\v4 printer driver1\v4 printer driver1\debug\v4 print.85d2b39f.tlog\signtool.command.1.tlog
c:\users\user\source\repos\v4 printer driver1\v4 printer driver1\debug\v4 print.85d2b39f.tlog\signtool.read.1.tlog
c:\users\user\source\repos\v4 printer driver1\v4 printer driver1\debug\v4 print.85d2b39f.tlog\signtool.timestamp.1.tlog
c:\users\user\source\repos\v4 printer driver1\v4 printer driver1\debug\v4 print.85d2b39f.tlog\signtool.write.1.tlog
c:\users\user\source\repos\v4 printer driver1\v4 printer driver1\debug\v4 print.85d2b39f.tlog\stampinf.command.1.tlog
c:\users\user\source\repos\v4 printer driver1\v4 printer driver1\debug\v4 print.85d2b39f.tlog\stampinf.read.1.tlog
c:\users\user\source\repos\v4 printer driver1\v4 printer driver1\debug\v4 print.85d2b39f.tlog\stampinf.write.1.tlog
